#TYPE System.IO.FileInfo
"PSPath","PSParentPath","PSChildName","PSDrive","PSProvider","PSIsContainer","Mode","VersionInfo","BaseName","Target","LinkType","Name","Length","DirectoryName","Directory","IsReadOnly","Exists","FullName","Extension","CreationTime","CreationTimeUtc","LastAccessTime","LastAccessTimeUtc","LastWriteTime","LastWriteTimeUtc","Attributes"
"Microsoft.PowerShell.Core\FileSystem::C:\Users\champuser\SYS320\week2\Week2 (2-3).ps1","Microsoft.PowerShell.Core\FileSystem::C:\Users\champuser\SYS320\week2","Week2 (2-3).ps1","C","Microsoft.PowerShell.Core\FileSystem","False","-a----","File:             C:\Users\champuser\SYS320\week2\Week2 (2-3).ps1
InternalName:     
OriginalFilename: 
FileVersion:      
FileDescription:  
Product:          
ProductVersion:   
Debug:            False
Patched:          False
PreRelease:       False
PrivateBuild:     False
SpecialBuild:     False
Language:         
","Week2 (2-3)","System.Collections.Generic.List`1[System.String]",,"Week2 (2-3).ps1","216","C:\Users\champuser\SYS320\week2","C:\Users\champuser\SYS320\week2","False","True","C:\Users\champuser\SYS320\week2\Week2 (2-3).ps1",".ps1","9/4/2025 3:57:43 PM","9/4/2025 7:57:43 PM","9/8/2025 2:30:08 PM","9/8/2025 6:30:08 PM","9/8/2025 2:30:08 PM","9/8/2025 6:30:08 PM","Archive"
"Microsoft.PowerShell.Core\FileSystem::C:\Users\champuser\SYS320\week2\Week2 (part1).ps1","Microsoft.PowerShell.Core\FileSystem::C:\Users\champuser\SYS320\week2","Week2 (part1).ps1","C","Microsoft.PowerShell.Core\FileSystem","False","-a----","File:             C:\Users\champuser\SYS320\week2\Week2 (part1).ps1
InternalName:     
OriginalFilename: 
FileVersion:      
FileDescription:  
Product:          
ProductVersion:   
Debug:            False
Patched:          False
PreRelease:       False
PrivateBuild:     False
SpecialBuild:     False
Language:         
","Week2 (part1)","System.Collections.Generic.List`1[System.String]",,"Week2 (part1).ps1","492","C:\Users\champuser\SYS320\week2","C:\Users\champuser\SYS320\week2","False","True","C:\Users\champuser\SYS320\week2\Week2 (part1).ps1",".ps1","9/4/2025 3:06:17 PM","9/4/2025 7:06:17 PM","9/4/2025 3:06:20 PM","9/4/2025 7:06:20 PM","9/4/2025 3:06:20 PM","9/4/2025 7:06:20 PM","Archive"
"Microsoft.PowerShell.Core\FileSystem::C:\Users\champuser\SYS320\week2\Week2 (part2-1).ps1","Microsoft.PowerShell.Core\FileSystem::C:\Users\champuser\SYS320\week2","Week2 (part2-1).ps1","C","Microsoft.PowerShell.Core\FileSystem","False","-a----","File:             C:\Users\champuser\SYS320\week2\Week2 (part2-1).ps1
InternalName:     
OriginalFilename: 
FileVersion:      
FileDescription:  
Product:          
ProductVersion:   
Debug:            False
Patched:          False
PreRelease:       False
PrivateBuild:     False
SpecialBuild:     False
Language:         
","Week2 (part2-1)","System.Collections.Generic.List`1[System.String]",,"Week2 (part2-1).ps1","185","C:\Users\champuser\SYS320\week2","C:\Users\champuser\SYS320\week2","False","True","C:\Users\champuser\SYS320\week2\Week2 (part2-1).ps1",".ps1","9/4/2025 3:23:58 PM","9/4/2025 7:23:58 PM","9/4/2025 3:23:59 PM","9/4/2025 7:23:59 PM","9/4/2025 3:23:59 PM","9/4/2025 7:23:59 PM","Archive"
"Microsoft.PowerShell.Core\FileSystem::C:\Users\champuser\SYS320\week2\Week2 (part2-2).ps1","Microsoft.PowerShell.Core\FileSystem::C:\Users\champuser\SYS320\week2","Week2 (part2-2).ps1","C","Microsoft.PowerShell.Core\FileSystem","False","-a----","File:             C:\Users\champuser\SYS320\week2\Week2 (part2-2).ps1
InternalName:     
OriginalFilename: 
FileVersion:      
FileDescription:  
Product:          
ProductVersion:   
Debug:            False
Patched:          False
PreRelease:       False
PrivateBuild:     False
SpecialBuild:     False
Language:         
","Week2 (part2-2)","System.Collections.Generic.List`1[System.String]",,"Week2 (part2-2).ps1","176","C:\Users\champuser\SYS320\week2","C:\Users\champuser\SYS320\week2","False","True","C:\Users\champuser\SYS320\week2\Week2 (part2-2).ps1",".ps1","9/4/2025 3:32:11 PM","9/4/2025 7:32:11 PM","9/4/2025 3:36:43 PM","9/4/2025 7:36:43 PM","9/4/2025 3:36:43 PM","9/4/2025 7:36:43 PM","Archive"
